<?xml version="1.0" encoding="UTF-8"?>
<!-- Generated by org.testng.reporters.JUnitReportReporter -->
<testsuite hostname="ITL-LT-HP-REF-166-R08211509" failures="0" tests="2" name="NAutomationTesting.SubmitOrderTest" time="51.084" errors="0" timestamp="2024-08-21T09:25:05 IST" skipped="0">
  <testcase classname="NAutomationTesting.SubmitOrderTest" name="orderSubmit" time="25.724"/>
  <testcase classname="NAutomationTesting.SubmitOrderTest" name="orderSubmit" time="25.360"/>
</testsuite> <!-- NAutomationTesting.SubmitOrderTest -->
