<?xml version="1.0" encoding="UTF-8"?>
<!-- Generated by org.testng.reporters.JUnitReportReporter -->
<testsuite hostname="ITL-LT-HP-REF-166-R08211509" failures="0" tests="1" name="Cucumber.TestNGTestRunner" time="22.171" errors="0" timestamp="2024-08-27T09:04:14 IST" skipped="0">
  <testcase classname="Cucumber.TestNGTestRunner" name="runScenario" time="22.171"/>
</testsuite> <!-- Cucumber.TestNGTestRunner -->
