<?xml version="1.0" encoding="UTF-8"?>
<!-- Generated by org.testng.reporters.JUnitReportReporter -->
<testsuite hostname="ITL-LT-HP-REF-166-R08211509" failures="0" tests="2" name="NAutomationTesting.SubmitOrderTest" time="27.420" errors="0" timestamp="2024-08-24T19:05:39 IST" skipped="0">
  <testcase classname="NAutomationTesting.SubmitOrderTest" name="orderSubmit" time="14.538"/>
  <testcase classname="NAutomationTesting.SubmitOrderTest" name="orderSubmit" time="12.882"/>
</testsuite> <!-- NAutomationTesting.SubmitOrderTest -->
